<?xml version="1.0" encoding="UTF-8"?>
<!-- Generated by org.testng.reporters.JUnitReportReporter -->
<testsuite hostname="Charulatha" failures="0" tests="1" name="restassured.standalone.GetIssue" time="5.132" errors="0" timestamp="2025-05-01T13:40:20 IST" skipped="0">
  <testcase classname="restassured.standalone.GetIssue" name="test1" time="5.132"/>
</testsuite> <!-- restassured.standalone.GetIssue -->
