<?xml version="1.0" encoding="UTF-8"?>
<!-- Generated by org.testng.reporters.JUnitReportReporter -->
<testsuite hostname="Charulatha" failures="0" tests="1" name="restassured.jira.tests.JiraEventsTests" time="4.783" errors="0" timestamp="2025-05-03T13:38:03 IST" skipped="0">
  <testcase classname="restassured.jira.tests.JiraEventsTests" name="posT1" time="4.783"/>
</testsuite> <!-- restassured.jira.tests.JiraEventsTests -->
