<?xml version="1.0" encoding="UTF-8"?>
<!-- Generated by org.testng.reporters.JUnitReportReporter -->
<testsuite hostname="Charulatha" failures="0" tests="4" name="restassured.jira.tests.GetIssueTests" time="7.048" errors="0" timestamp="2025-05-03T13:44:02 IST" skipped="0">
  <testcase classname="restassured.jira.tests.GetIssueTests" name="posT2" time="1.501"/>
  <testcase classname="restassured.jira.tests.GetIssueTests" name="posT1" time="3.767"/>
  <testcase classname="restassured.jira.tests.GetIssueTests" name="posT4" time="0.859"/>
  <testcase classname="restassured.jira.tests.GetIssueTests" name="posT3" time="0.921"/>
</testsuite> <!-- restassured.jira.tests.GetIssueTests -->
