<?xml version="1.0" encoding="UTF-8"?>
<!-- Generated by org.testng.reporters.JUnitReportReporter -->
<testsuite hostname="Charulatha" failures="0" tests="7" name="restassured.jira.tests.CreateIssueTests" time="15.511" errors="0" timestamp="2025-05-03T07:23:25 IST" skipped="0">
  <testcase classname="restassured.jira.tests.CreateIssueTests" name="povt2" time="1.689"/>
  <testcase classname="restassured.jira.tests.CreateIssueTests" name="povt2" time="1.534"/>
  <testcase classname="restassured.jira.tests.CreateIssueTests" name="povt1" time="1.417"/>
  <testcase classname="restassured.jira.tests.CreateIssueTests" name="povt1" time="6.037"/>
  <testcase classname="restassured.jira.tests.CreateIssueTests" name="povt1" time="1.683"/>
  <testcase classname="restassured.jira.tests.CreateIssueTests" name="povt2" time="1.571"/>
  <testcase classname="restassured.jira.tests.CreateIssueTests" name="povt1" time="1.580"/>
</testsuite> <!-- restassured.jira.tests.CreateIssueTests -->
